[debug] [2022-11-29T00:57:26.563Z] ----------------------------------------------------------------------
[debug] [2022-11-29T00:57:26.564Z] Command:       C:\Program Files\nodejs\node.exe C:\Users\jacob\AppData\Roaming\npm\node_modules\firebase-tools\lib\bin\firebase.js emulators:start --only functions
[debug] [2022-11-29T00:57:26.564Z] CLI Version:   11.16.1
[debug] [2022-11-29T00:57:26.564Z] Platform:      win32
[debug] [2022-11-29T00:57:26.564Z] Node Version:  v16.15.1
[debug] [2022-11-29T00:57:26.565Z] Time:          Mon Nov 28 2022 19:57:26 GMT-0500 (Eastern Standard Time)
[debug] [2022-11-29T00:57:26.565Z] ----------------------------------------------------------------------
[debug] 
[debug] [2022-11-29T00:57:26.656Z] > command requires scopes: ["email","openid","https://www.googleapis.com/auth/cloudplatformprojects.readonly","https://www.googleapis.com/auth/firebase","https://www.googleapis.com/auth/cloud-platform"]
[debug] [2022-11-29T00:57:26.657Z] > authorizing via signed-in user (jacob23.coffey@gmail.com)
[info] i  emulators: Starting emulators: functions {"metadata":{"emulator":{"name":"hub"},"message":"Starting emulators: functions"}}
[debug] [2022-11-29T00:57:26.667Z] [logging] Logging Emulator only supports listening on one address (127.0.0.1). Not listening on ::1
[debug] [2022-11-29T00:57:26.668Z] assigned listening specs for emulators {"user":{"hub":[{"address":"127.0.0.1","family":"IPv4","port":4400},{"address":"::1","family":"IPv6","port":4400}],"ui":[{"address":"127.0.0.1","family":"IPv4","port":4000},{"address":"::1","family":"IPv6","port":4000}],"logging":[{"address":"127.0.0.1","family":"IPv4","port":4500}]},"metadata":{"message":"assigned listening specs for emulators"}}
[debug] [2022-11-29T00:57:26.684Z] [hub] writing locator at C:\Users\jacob\AppData\Local\Temp\hub-final-d9541.json
[debug] [2022-11-29T00:57:26.720Z] [functions] Functions Emulator only supports listening on one address (127.0.0.1). Not listening on ::1
[debug] [2022-11-29T00:57:26.720Z] [eventarc] Eventarc Emulator only supports listening on one address (127.0.0.1). Not listening on ::1
[debug] [2022-11-29T00:57:26.721Z] late-assigned ports for functions and eventarc emulators {"user":{"hub":[{"address":"127.0.0.1","family":"IPv4","port":4400},{"address":"::1","family":"IPv6","port":4400}],"ui":[{"address":"127.0.0.1","family":"IPv4","port":4000},{"address":"::1","family":"IPv6","port":4000}],"logging":[{"address":"127.0.0.1","family":"IPv4","port":4500}],"functions":[{"address":"127.0.0.1","family":"IPv4","port":5001}],"eventarc":[{"address":"127.0.0.1","family":"IPv4","port":9299}]},"metadata":{"message":"late-assigned ports for functions and eventarc emulators"}}
[warn] !  functions: The following emulators are not running, calls to these services from the Functions emulator will affect production: auth, firestore, database, hosting, pubsub, storage {"metadata":{"emulator":{"name":"functions"},"message":"The following emulators are not running, calls to these services from the Functions emulator will affect production: \u001b[1mauth, firestore, database, hosting, pubsub, storage\u001b[22m"}}
[info] +  functions: Using node@16 from host. {"metadata":{"emulator":{"name":"functions"},"message":"Using node@16 from host."}}
[debug] [2022-11-29T00:57:26.747Z] defaultcredentials: writing to file C:\Users\jacob\AppData\Roaming\firebase\jacob23_coffey_gmail.com_application_default_credentials.json
[debug] [2022-11-29T00:57:26.754Z] Setting GAC to C:\Users\jacob\AppData\Roaming\firebase\jacob23_coffey_gmail.com_application_default_credentials.json {"metadata":{"emulator":{"name":"functions"},"message":"Setting GAC to C:\\Users\\jacob\\AppData\\Roaming\\firebase\\jacob23_coffey_gmail.com_application_default_credentials.json"}}
[debug] [2022-11-29T00:57:26.756Z] >>> [apiv2][query] GET https://firebase.googleapis.com/v1beta1/projects/final-d9541/adminSdkConfig [none]
[debug] [2022-11-29T00:57:27.028Z] <<< [apiv2][status] GET https://firebase.googleapis.com/v1beta1/projects/final-d9541/adminSdkConfig 200
[debug] [2022-11-29T00:57:27.028Z] <<< [apiv2][body] GET https://firebase.googleapis.com/v1beta1/projects/final-d9541/adminSdkConfig {"projectId":"final-d9541","storageBucket":"final-d9541.appspot.com"}
[debug] [2022-11-29T00:57:27.050Z] Ignoring unsupported arg: auto_download {"metadata":{"emulator":{"name":"ui"},"message":"Ignoring unsupported arg: auto_download"}}
[debug] [2022-11-29T00:57:27.050Z] Ignoring unsupported arg: port {"metadata":{"emulator":{"name":"ui"},"message":"Ignoring unsupported arg: port"}}
[debug] [2022-11-29T00:57:27.050Z] Starting Emulator UI with command {"binary":"node","args":["C:\\Users\\jacob\\.cache\\firebase\\emulators\\ui-v1.11.1\\server\\server.js"],"optionalArgs":[],"joinArgs":false} {"metadata":{"emulator":{"name":"ui"},"message":"Starting Emulator UI with command {\"binary\":\"node\",\"args\":[\"C:\\\\Users\\\\jacob\\\\.cache\\\\firebase\\\\emulators\\\\ui-v1.11.1\\\\server\\\\server.js\"],\"optionalArgs\":[],\"joinArgs\":false}"}}
[info] i  ui: Emulator UI logging to ui-debug.log {"metadata":{"emulator":{"name":"ui"},"message":"Emulator UI logging to \u001b[1mui-debug.log\u001b[22m"}}
[debug] [2022-11-29T00:57:27.205Z] Web / API server started at 127.0.0.1:4000
Web / API server started at ::1:4000
 {"metadata":{"emulator":{"name":"ui"},"message":"Web / API server started at 127.0.0.1:4000\nWeb / API server started at ::1:4000\n"}}
[info] i  functions: Watching "C:\Users\jacob\Desktop\Grand Circus\Final\functions" for Cloud Functions... {"metadata":{"emulator":{"name":"functions"},"message":"Watching \"C:\\Users\\jacob\\Desktop\\Grand Circus\\Final\\functions\" for Cloud Functions..."}}
[debug] [2022-11-29T00:57:27.331Z] Validating nodejs source
[debug] [2022-11-29T00:57:29.960Z] > [functions] package.json contents: {
  "name": "functions",
  "scripts": {
    "build": "tsc",
    "build:watch": "tsc --watch",
    "serve": "npm run build && firebase emulators:start --only functions",
    "serve:dev": "npm run build && concurrently \"tsc --watch\" \"firebase emulators:start --only functions\"",
    "shell": "npm run build && firebase functions:shell",
    "start": "npm run shell",
    "deploy": "firebase deploy --only functions",
    "logs": "firebase functions:log"
  },
  "engines": {
    "node": "16"
  },
  "main": "lib/index.js",
  "dependencies": {
    "axios": "^1.2.0",
    "cors": "^2.8.5",
    "express": "^4.18.2",
    "firebase-admin": "^10.2.0",
    "firebase-functions": "^4.1.0",
    "mongodb": "^4.12.0",
    "react": "^18.2.0"
  },
  "devDependencies": {
    "@types/cors": "^2.8.12",
    "@types/express": "^4.17.14",
    "@types/node-fetch": "^2.6.2",
    "@types/react": "^18.0.25",
    "concurrently": "^7.6.0",
    "typescript": "^4.9.3"
  },
  "private": true
}
[debug] [2022-11-29T00:57:29.960Z] Building nodejs source
[debug] [2022-11-29T00:57:29.960Z] Analyzing nodejs backend spec
[debug] [2022-11-29T00:57:29.961Z] Could not find functions.yaml. Must use http discovery
[debug] [2022-11-29T00:57:30.138Z] Serving at port 9005

[debug] [2022-11-29T00:57:30.370Z] Got response from /__/functions.yaml {"endpoints":{"api":{"platform":"gcfv1","availableMemoryMb":null,"timeoutSeconds":null,"minInstances":null,"maxInstances":null,"ingressSettings":null,"serviceAccountEmail":null,"vpc":null,"httpsTrigger":{},"entryPoint":"api"}},"specVersion":"v1alpha1","requiredAPIs":[]}
[debug] [2022-11-29T00:57:30.375Z] shutdown requested via /__/quitquitquit

[info] +  functions: Loaded functions definitions from source: api. {"metadata":{"emulator":{"name":"functions"},"message":"Loaded functions definitions from source: api."}}
[info] +  functions[us-central1-api]: http function initialized (http://127.0.0.1:5001/final-d9541/us-central1/api). {"metadata":{"emulator":{"name":"functions"},"message":"\u001b[1mhttp\u001b[22m function initialized (http://127.0.0.1:5001/final-d9541/us-central1/api)."}}
[info] 
┌─────────────────────────────────────────────────────────────┐
│ ✔  All emulators ready! It is now safe to connect your app. │
│ i  View Emulator UI at http://127.0.0.1:4000/               │
└─────────────────────────────────────────────────────────────┘

┌───────────┬────────────────┬─────────────────────────────────┐
│ Emulator  │ Host:Port      │ View in Emulator UI             │
├───────────┼────────────────┼─────────────────────────────────┤
│ Functions │ 127.0.0.1:5001 │ http://127.0.0.1:4000/functions │
└───────────┴────────────────┴─────────────────────────────────┘
  Emulator Hub running at 127.0.0.1:4400
  Other reserved ports: 4500

Issues? Report them at https://github.com/firebase/firebase-tools/issues and attach the *-debug.log files.
 
[debug] [2022-11-29T00:57:34.017Z] [work-queue] {"queueLength":1,"workRunningCount":0}
[debug] [2022-11-29T00:57:34.017Z] [work-queue] {"queueLength":0,"workRunningCount":1}
[debug] [2022-11-29T00:57:34.018Z] Accepted request GET /final-d9541/us-central1/api --> us-central1-api
[debug] [2022-11-29T00:57:34.020Z] [functions] Runtime ready! Sending request! {"metadata":{"emulator":{"name":"functions"},"message":"[functions] Runtime ready! Sending request!"}}
[debug] [2022-11-29T00:57:34.021Z] [functions] Got req.url=/final-d9541/us-central1/api, mapping to path=/ {"metadata":{"emulator":{"name":"functions"},"message":"[functions] Got req.url=/final-d9541/us-central1/api, mapping to path=/"}}
[debug] [2022-11-29T00:57:34.029Z] [worker-pool] addWorker(us-central1-api) {"metadata":{"emulator":{"name":"functions"},"message":"[worker-pool] addWorker(us-central1-api)"}}
[debug] [2022-11-29T00:57:34.029Z] [worker-pool] Adding worker with key us-central1-api, total=1 {"metadata":{"emulator":{"name":"functions"},"message":"[worker-pool] Adding worker with key us-central1-api, total=1"}}
[debug] [2022-11-29T00:57:35.895Z] [runtime-status] [34716] Resolved module firebase-admin {"declared":true,"installed":true,"version":"10.3.0","resolution":"C:\\Users\\jacob\\Desktop\\Grand Circus\\Final\\functions\\node_modules\\firebase-admin\\lib\\index.js"} {"metadata":{"emulator":{"name":"functions"},"function":{"name":"us-central1-api"},"extension":{},"message":"[runtime-status] [34716] Resolved module firebase-admin {\"declared\":true,\"installed\":true,\"version\":\"10.3.0\",\"resolution\":\"C:\\\\Users\\\\jacob\\\\Desktop\\\\Grand Circus\\\\Final\\\\functions\\\\node_modules\\\\firebase-admin\\\\lib\\\\index.js\"}"}}
[debug] [2022-11-29T00:57:35.899Z] [runtime-status] [34716] Resolved module firebase-functions {"declared":true,"installed":true,"version":"4.1.0","resolution":"C:\\Users\\jacob\\Desktop\\Grand Circus\\Final\\functions\\node_modules\\firebase-functions\\lib\\v1\\index.js"} {"metadata":{"emulator":{"name":"functions"},"function":{"name":"us-central1-api"},"extension":{},"message":"[runtime-status] [34716] Resolved module firebase-functions {\"declared\":true,\"installed\":true,\"version\":\"4.1.0\",\"resolution\":\"C:\\\\Users\\\\jacob\\\\Desktop\\\\Grand Circus\\\\Final\\\\functions\\\\node_modules\\\\firebase-functions\\\\lib\\\\v1\\\\index.js\"}"}}
[debug] [2022-11-29T00:57:35.900Z] [runtime-status] [34716] Outgoing network have been stubbed. [{"name":"http","status":"mocked"},{"name":"http","status":"mocked"},{"name":"https","status":"mocked"},{"name":"https","status":"mocked"},{"name":"net","status":"mocked"}] {"metadata":{"emulator":{"name":"functions"},"function":{"name":"us-central1-api"},"extension":{},"message":"[runtime-status] [34716] Outgoing network have been stubbed. [{\"name\":\"http\",\"status\":\"mocked\"},{\"name\":\"http\",\"status\":\"mocked\"},{\"name\":\"https\",\"status\":\"mocked\"},{\"name\":\"https\",\"status\":\"mocked\"},{\"name\":\"net\",\"status\":\"mocked\"}]"}}
[debug] [2022-11-29T00:57:35.902Z] [runtime-status] [34716] Resolved module firebase-functions {"declared":true,"installed":true,"version":"4.1.0","resolution":"C:\\Users\\jacob\\Desktop\\Grand Circus\\Final\\functions\\node_modules\\firebase-functions\\lib\\v1\\index.js"} {"metadata":{"emulator":{"name":"functions"},"function":{"name":"us-central1-api"},"extension":{},"message":"[runtime-status] [34716] Resolved module firebase-functions {\"declared\":true,\"installed\":true,\"version\":\"4.1.0\",\"resolution\":\"C:\\\\Users\\\\jacob\\\\Desktop\\\\Grand Circus\\\\Final\\\\functions\\\\node_modules\\\\firebase-functions\\\\lib\\\\v1\\\\index.js\"}"}}
[debug] [2022-11-29T00:57:36.316Z] [runtime-status] [34716] Checked functions.config() {"config":{}} {"metadata":{"emulator":{"name":"functions"},"function":{"name":"us-central1-api"},"extension":{},"message":"[runtime-status] [34716] Checked functions.config() {\"config\":{}}"}}
[debug] [2022-11-29T00:57:36.316Z] [runtime-status] [34716] firebase-functions has been stubbed. {"functionsResolution":{"declared":true,"installed":true,"version":"4.1.0","resolution":"C:\\Users\\jacob\\Desktop\\Grand Circus\\Final\\functions\\node_modules\\firebase-functions\\lib\\v1\\index.js"}} {"metadata":{"emulator":{"name":"functions"},"function":{"name":"us-central1-api"},"extension":{},"message":"[runtime-status] [34716] firebase-functions has been stubbed. {\"functionsResolution\":{\"declared\":true,\"installed\":true,\"version\":\"4.1.0\",\"resolution\":\"C:\\\\Users\\\\jacob\\\\Desktop\\\\Grand Circus\\\\Final\\\\functions\\\\node_modules\\\\firebase-functions\\\\lib\\\\v1\\\\index.js\"}}"}}
[debug] [2022-11-29T00:57:36.317Z] [runtime-status] [34716] Resolved module firebase-functions {"declared":true,"installed":true,"version":"4.1.0","resolution":"C:\\Users\\jacob\\Desktop\\Grand Circus\\Final\\functions\\node_modules\\firebase-functions\\lib\\v1\\index.js"} {"metadata":{"emulator":{"name":"functions"},"function":{"name":"us-central1-api"},"extension":{},"message":"[runtime-status] [34716] Resolved module firebase-functions {\"declared\":true,\"installed\":true,\"version\":\"4.1.0\",\"resolution\":\"C:\\\\Users\\\\jacob\\\\Desktop\\\\Grand Circus\\\\Final\\\\functions\\\\node_modules\\\\firebase-functions\\\\lib\\\\v1\\\\index.js\"}"}}
[debug] [2022-11-29T00:57:36.320Z] [runtime-status] [34716] Resolved module firebase-admin {"declared":true,"installed":true,"version":"10.3.0","resolution":"C:\\Users\\jacob\\Desktop\\Grand Circus\\Final\\functions\\node_modules\\firebase-admin\\lib\\index.js"} {"metadata":{"emulator":{"name":"functions"},"function":{"name":"us-central1-api"},"extension":{},"message":"[runtime-status] [34716] Resolved module firebase-admin {\"declared\":true,\"installed\":true,\"version\":\"10.3.0\",\"resolution\":\"C:\\\\Users\\\\jacob\\\\Desktop\\\\Grand Circus\\\\Final\\\\functions\\\\node_modules\\\\firebase-admin\\\\lib\\\\index.js\"}"}}
[debug] [2022-11-29T00:57:36.329Z] [runtime-status] [34716] Resolved module firebase-functions {"declared":true,"installed":true,"version":"4.1.0","resolution":"C:\\Users\\jacob\\Desktop\\Grand Circus\\Final\\functions\\node_modules\\firebase-functions\\lib\\v1\\index.js"} {"metadata":{"emulator":{"name":"functions"},"function":{"name":"us-central1-api"},"extension":{},"message":"[runtime-status] [34716] Resolved module firebase-functions {\"declared\":true,\"installed\":true,\"version\":\"4.1.0\",\"resolution\":\"C:\\\\Users\\\\jacob\\\\Desktop\\\\Grand Circus\\\\Final\\\\functions\\\\node_modules\\\\firebase-functions\\\\lib\\\\v1\\\\index.js\"}"}}
[debug] [2022-11-29T00:57:36.329Z] [runtime-status] [34716] firebase-admin has been stubbed. {"adminResolution":{"declared":true,"installed":true,"version":"10.3.0","resolution":"C:\\Users\\jacob\\Desktop\\Grand Circus\\Final\\functions\\node_modules\\firebase-admin\\lib\\index.js"}} {"metadata":{"emulator":{"name":"functions"},"function":{"name":"us-central1-api"},"extension":{},"message":"[runtime-status] [34716] firebase-admin has been stubbed. {\"adminResolution\":{\"declared\":true,\"installed\":true,\"version\":\"10.3.0\",\"resolution\":\"C:\\\\Users\\\\jacob\\\\Desktop\\\\Grand Circus\\\\Final\\\\functions\\\\node_modules\\\\firebase-admin\\\\lib\\\\index.js\"}}"}}
[debug] [2022-11-29T00:57:36.570Z] [runtime-status] [34716] Functions runtime initialized. {"cwd":"C:\\Users\\jacob\\Desktop\\Grand Circus\\Final\\functions","node_version":"16.15.1"} {"metadata":{"emulator":{"name":"functions"},"function":{"name":"us-central1-api"},"extension":{},"message":"[runtime-status] [34716] Functions runtime initialized. {\"cwd\":\"C:\\\\Users\\\\jacob\\\\Desktop\\\\Grand Circus\\\\Final\\\\functions\",\"node_version\":\"16.15.1\"}"}}
[debug] [2022-11-29T00:57:36.571Z] [runtime-status] [34716] Listening to port: \\?\pipe\fire_emu_b03b8beb95722def {"metadata":{"emulator":{"name":"functions"},"function":{"name":"us-central1-api"},"extension":{},"message":"[runtime-status] [34716] Listening to port: \\\\?\\pipe\\fire_emu_b03b8beb95722def"}}
[debug] [2022-11-29T00:57:36.671Z] [worker-us-central1-api-36bc9b47-647a-43fe-9d29-731cae26b0bd]: IDLE {"metadata":{"emulator":{"name":"functions"},"message":"[worker-us-central1-api-36bc9b47-647a-43fe-9d29-731cae26b0bd]: IDLE"}}
[debug] [2022-11-29T00:57:36.671Z] [worker-pool] submitRequest(triggerId=us-central1-api) {"metadata":{"emulator":{"name":"functions"},"message":"[worker-pool] submitRequest(triggerId=us-central1-api)"}}
[debug] [2022-11-29T00:57:36.672Z] [worker-us-central1-api-36bc9b47-647a-43fe-9d29-731cae26b0bd]: BUSY {"metadata":{"emulator":{"name":"functions"},"message":"[worker-us-central1-api-36bc9b47-647a-43fe-9d29-731cae26b0bd]: BUSY"}}
[info] i  functions: Beginning execution of "api" {"metadata":{"emulator":{"name":"functions"},"function":{"name":"us-central1-api"},"extension":{},"message":"Beginning execution of \"api\""}}
[debug] [2022-11-29T00:57:36.693Z] [worker-us-central1-api-36bc9b47-647a-43fe-9d29-731cae26b0bd]: IDLE {"metadata":{"emulator":{"name":"functions"},"message":"[worker-us-central1-api-36bc9b47-647a-43fe-9d29-731cae26b0bd]: IDLE"}}
[debug] [2022-11-29T00:57:36.694Z] [work-queue] {"queueLength":0,"workRunningCount":0}
[info] i  functions: Finished "api" in 11.6468ms {"metadata":{"emulator":{"name":"functions"},"function":{"name":"us-central1-api"},"extension":{},"message":"Finished \"api\" in 11.6468ms"}}
[debug] [2022-11-29T00:57:56.589Z] [work-queue] {"queueLength":1,"workRunningCount":0}
[debug] [2022-11-29T00:57:56.589Z] [work-queue] {"queueLength":0,"workRunningCount":1}
[debug] [2022-11-29T00:57:56.590Z] Accepted request GET /final-d9541/us-central1/api/details/WavvLdfdP6g8aZTtbBQHTw --> us-central1-api
[debug] [2022-11-29T00:57:56.596Z] [functions] Runtime ready! Sending request! {"metadata":{"emulator":{"name":"functions"},"message":"[functions] Runtime ready! Sending request!"}}
[debug] [2022-11-29T00:57:56.597Z] [functions] Got req.url=/final-d9541/us-central1/api/details/WavvLdfdP6g8aZTtbBQHTw, mapping to path=/details/WavvLdfdP6g8aZTtbBQHTw {"metadata":{"emulator":{"name":"functions"},"message":"[functions] Got req.url=/final-d9541/us-central1/api/details/WavvLdfdP6g8aZTtbBQHTw, mapping to path=/details/WavvLdfdP6g8aZTtbBQHTw"}}
[debug] [2022-11-29T00:57:56.597Z] [worker-pool] submitRequest(triggerId=us-central1-api) {"metadata":{"emulator":{"name":"functions"},"message":"[worker-pool] submitRequest(triggerId=us-central1-api)"}}
[debug] [2022-11-29T00:57:56.597Z] [worker-us-central1-api-36bc9b47-647a-43fe-9d29-731cae26b0bd]: BUSY {"metadata":{"emulator":{"name":"functions"},"message":"[worker-us-central1-api-36bc9b47-647a-43fe-9d29-731cae26b0bd]: BUSY"}}
[info] i  functions: Beginning execution of "api" {"metadata":{"emulator":{"name":"functions"},"function":{"name":"us-central1-api"},"extension":{},"message":"Beginning execution of \"api\""}}
[warn] !  External network resource requested!
   - URL: "https://api.yelp.com/v3/businesses/WavvLdfdP6g8aZTtbBQHTw"
 - Be careful, this may be a production service. {"metadata":{"emulator":{"name":"functions"},"function":{"name":"us-central1-api"},"extension":{},"message":"External network resource requested!\n   - URL: \"https://api.yelp.com/v3/businesses/WavvLdfdP6g8aZTtbBQHTw\"\n - Be careful, this may be a production service."}}
[debug] [2022-11-29T00:57:57.462Z] [worker-us-central1-api-36bc9b47-647a-43fe-9d29-731cae26b0bd]: IDLE {"metadata":{"emulator":{"name":"functions"},"message":"[worker-us-central1-api-36bc9b47-647a-43fe-9d29-731cae26b0bd]: IDLE"}}
[debug] [2022-11-29T00:57:57.462Z] [work-queue] {"queueLength":0,"workRunningCount":0}
[info] i  functions: Finished "api" in 859.6277ms {"metadata":{"emulator":{"name":"functions"},"function":{"name":"us-central1-api"},"extension":{},"message":"Finished \"api\" in 859.6277ms"}}
[debug] [2022-11-29T01:00:14.572Z] [work-queue] {"queueLength":1,"workRunningCount":0}
[debug] [2022-11-29T01:00:14.573Z] [work-queue] {"queueLength":0,"workRunningCount":1}
[debug] [2022-11-29T01:00:14.573Z] Accepted request GET /final-d9541/us-central1/api/reviews/xAG4O7l-t1ubbwVAlPnDKg --> us-central1-api
[debug] [2022-11-29T01:00:14.577Z] [functions] Runtime ready! Sending request! {"metadata":{"emulator":{"name":"functions"},"message":"[functions] Runtime ready! Sending request!"}}
[debug] [2022-11-29T01:00:14.577Z] [functions] Got req.url=/final-d9541/us-central1/api/reviews/xAG4O7l-t1ubbwVAlPnDKg, mapping to path=/reviews/xAG4O7l-t1ubbwVAlPnDKg {"metadata":{"emulator":{"name":"functions"},"message":"[functions] Got req.url=/final-d9541/us-central1/api/reviews/xAG4O7l-t1ubbwVAlPnDKg, mapping to path=/reviews/xAG4O7l-t1ubbwVAlPnDKg"}}
[debug] [2022-11-29T01:00:14.577Z] [worker-pool] submitRequest(triggerId=us-central1-api) {"metadata":{"emulator":{"name":"functions"},"message":"[worker-pool] submitRequest(triggerId=us-central1-api)"}}
[debug] [2022-11-29T01:00:14.578Z] [worker-us-central1-api-36bc9b47-647a-43fe-9d29-731cae26b0bd]: BUSY {"metadata":{"emulator":{"name":"functions"},"message":"[worker-us-central1-api-36bc9b47-647a-43fe-9d29-731cae26b0bd]: BUSY"}}
[info] i  functions: Beginning execution of "api" {"metadata":{"emulator":{"name":"functions"},"function":{"name":"us-central1-api"},"extension":{},"message":"Beginning execution of \"api\""}}
[debug] [2022-11-29T01:00:14.583Z] [worker-us-central1-api-36bc9b47-647a-43fe-9d29-731cae26b0bd]: IDLE {"metadata":{"emulator":{"name":"functions"},"message":"[worker-us-central1-api-36bc9b47-647a-43fe-9d29-731cae26b0bd]: IDLE"}}
[debug] [2022-11-29T01:00:14.584Z] [work-queue] {"queueLength":0,"workRunningCount":0}
[info] i  functions: Finished "api" in 1.9242ms {"metadata":{"emulator":{"name":"functions"},"function":{"name":"us-central1-api"},"extension":{},"message":"Finished \"api\" in 1.9242ms"}}
[debug] [2022-11-29T01:01:42.048Z] [work-queue] {"queueLength":1,"workRunningCount":0}
[debug] [2022-11-29T01:01:42.049Z] [work-queue] {"queueLength":0,"workRunningCount":1}
[debug] [2022-11-29T01:01:42.049Z] Accepted request GET /final-d9541/us-central1/api/reviews/WavvLdfdP6g8aZTtbBQHTw --> us-central1-api
[debug] [2022-11-29T01:01:42.051Z] [functions] Runtime ready! Sending request! {"metadata":{"emulator":{"name":"functions"},"message":"[functions] Runtime ready! Sending request!"}}
[debug] [2022-11-29T01:01:42.051Z] [functions] Got req.url=/final-d9541/us-central1/api/reviews/WavvLdfdP6g8aZTtbBQHTw, mapping to path=/reviews/WavvLdfdP6g8aZTtbBQHTw {"metadata":{"emulator":{"name":"functions"},"message":"[functions] Got req.url=/final-d9541/us-central1/api/reviews/WavvLdfdP6g8aZTtbBQHTw, mapping to path=/reviews/WavvLdfdP6g8aZTtbBQHTw"}}
[debug] [2022-11-29T01:01:42.051Z] [worker-pool] submitRequest(triggerId=us-central1-api) {"metadata":{"emulator":{"name":"functions"},"message":"[worker-pool] submitRequest(triggerId=us-central1-api)"}}
[debug] [2022-11-29T01:01:42.052Z] [worker-us-central1-api-36bc9b47-647a-43fe-9d29-731cae26b0bd]: BUSY {"metadata":{"emulator":{"name":"functions"},"message":"[worker-us-central1-api-36bc9b47-647a-43fe-9d29-731cae26b0bd]: BUSY"}}
[info] i  functions: Beginning execution of "api" {"metadata":{"emulator":{"name":"functions"},"function":{"name":"us-central1-api"},"extension":{},"message":"Beginning execution of \"api\""}}
[debug] [2022-11-29T01:01:42.055Z] [worker-us-central1-api-36bc9b47-647a-43fe-9d29-731cae26b0bd]: IDLE {"metadata":{"emulator":{"name":"functions"},"message":"[worker-us-central1-api-36bc9b47-647a-43fe-9d29-731cae26b0bd]: IDLE"}}
[debug] [2022-11-29T01:01:42.055Z] [work-queue] {"queueLength":0,"workRunningCount":0}
[info] i  functions: Finished "api" in 1.0337ms {"metadata":{"emulator":{"name":"functions"},"function":{"name":"us-central1-api"},"extension":{},"message":"Finished \"api\" in 1.0337ms"}}
[debug] [2022-11-29T01:01:47.655Z] File C:\Users\jacob\Desktop\Grand Circus\Final\functions\src\services\YelpApi.ts changed, reloading triggers {"metadata":{"emulator":{"name":"functions"},"message":"File C:\\Users\\jacob\\Desktop\\Grand Circus\\Final\\functions\\src\\services\\YelpApi.ts changed, reloading triggers"}}
[debug] [2022-11-29T01:01:48.488Z] File C:\Users\jacob\Desktop\Grand Circus\Final\functions\lib\services\YelpApi.js.map changed, reloading triggers {"metadata":{"emulator":{"name":"functions"},"message":"File C:\\Users\\jacob\\Desktop\\Grand Circus\\Final\\functions\\lib\\services\\YelpApi.js.map changed, reloading triggers"}}
[debug] [2022-11-29T01:01:48.489Z] File C:\Users\jacob\Desktop\Grand Circus\Final\functions\lib\services\YelpApi.js changed, reloading triggers {"metadata":{"emulator":{"name":"functions"},"message":"File C:\\Users\\jacob\\Desktop\\Grand Circus\\Final\\functions\\lib\\services\\YelpApi.js changed, reloading triggers"}}
[debug] [2022-11-29T01:01:48.496Z] File C:\Users\jacob\Desktop\Grand Circus\Final\functions\lib\index.js.map changed, reloading triggers {"metadata":{"emulator":{"name":"functions"},"message":"File C:\\Users\\jacob\\Desktop\\Grand Circus\\Final\\functions\\lib\\index.js.map changed, reloading triggers"}}
[debug] [2022-11-29T01:01:48.502Z] File C:\Users\jacob\Desktop\Grand Circus\Final\functions\lib\index.js changed, reloading triggers {"metadata":{"emulator":{"name":"functions"},"message":"File C:\\Users\\jacob\\Desktop\\Grand Circus\\Final\\functions\\lib\\index.js changed, reloading triggers"}}
[debug] [2022-11-29T01:01:49.522Z] Validating nodejs source
[debug] [2022-11-29T01:01:52.181Z] > [functions] package.json contents: {
  "name": "functions",
  "scripts": {
    "build": "tsc",
    "build:watch": "tsc --watch",
    "serve": "npm run build && firebase emulators:start --only functions",
    "serve:dev": "npm run build && concurrently \"tsc --watch\" \"firebase emulators:start --only functions\"",
    "shell": "npm run build && firebase functions:shell",
    "start": "npm run shell",
    "deploy": "firebase deploy --only functions",
    "logs": "firebase functions:log"
  },
  "engines": {
    "node": "16"
  },
  "main": "lib/index.js",
  "dependencies": {
    "axios": "^1.2.0",
    "cors": "^2.8.5",
    "express": "^4.18.2",
    "firebase-admin": "^10.2.0",
    "firebase-functions": "^4.1.0",
    "mongodb": "^4.12.0",
    "react": "^18.2.0"
  },
  "devDependencies": {
    "@types/cors": "^2.8.12",
    "@types/express": "^4.17.14",
    "@types/node-fetch": "^2.6.2",
    "@types/react": "^18.0.25",
    "concurrently": "^7.6.0",
    "typescript": "^4.9.3"
  },
  "private": true
}
[debug] [2022-11-29T01:01:52.182Z] Building nodejs source
[debug] [2022-11-29T01:01:52.182Z] Analyzing nodejs backend spec
[debug] [2022-11-29T01:01:52.182Z] Could not find functions.yaml. Must use http discovery
[debug] [2022-11-29T01:01:52.383Z] Serving at port 9005

[debug] [2022-11-29T01:01:52.610Z] Got response from /__/functions.yaml {"endpoints":{"api":{"platform":"gcfv1","availableMemoryMb":null,"timeoutSeconds":null,"minInstances":null,"maxInstances":null,"ingressSettings":null,"serviceAccountEmail":null,"vpc":null,"httpsTrigger":{},"entryPoint":"api"}},"specVersion":"v1alpha1","requiredAPIs":[]}
[debug] [2022-11-29T01:01:52.613Z] shutdown requested via /__/quitquitquit

[info] +  functions: Loaded functions definitions from source: api. {"metadata":{"emulator":{"name":"functions"},"message":"Loaded functions definitions from source: api."}}
[debug] [2022-11-29T01:01:52.622Z] [worker-pool] Shutting down IDLE worker (us-central1-api) {"metadata":{"emulator":{"name":"functions"},"message":"[worker-pool] Shutting down IDLE worker (us-central1-api)"}}
[debug] [2022-11-29T01:01:52.622Z] [worker-us-central1-api-36bc9b47-647a-43fe-9d29-731cae26b0bd]: FINISHING {"metadata":{"emulator":{"name":"functions"},"message":"[worker-us-central1-api-36bc9b47-647a-43fe-9d29-731cae26b0bd]: FINISHING"}}
[debug] [2022-11-29T01:01:52.630Z] [worker-us-central1-api-36bc9b47-647a-43fe-9d29-731cae26b0bd]: exited {"metadata":{"emulator":{"name":"functions"},"message":"[worker-us-central1-api-36bc9b47-647a-43fe-9d29-731cae26b0bd]: exited"}}
[debug] [2022-11-29T01:01:52.630Z] [worker-us-central1-api-36bc9b47-647a-43fe-9d29-731cae26b0bd]: FINISHED {"metadata":{"emulator":{"name":"functions"},"message":"[worker-us-central1-api-36bc9b47-647a-43fe-9d29-731cae26b0bd]: FINISHED"}}
[debug] [2022-11-29T01:01:56.992Z] [work-queue] {"queueLength":1,"workRunningCount":0}
[debug] [2022-11-29T01:01:56.992Z] [work-queue] {"queueLength":0,"workRunningCount":1}
[debug] [2022-11-29T01:01:56.992Z] Accepted request GET /final-d9541/us-central1/api/reviews/WavvLdfdP6g8aZTtbBQHTw --> us-central1-api
[debug] [2022-11-29T01:01:56.995Z] [functions] Runtime ready! Sending request! {"metadata":{"emulator":{"name":"functions"},"message":"[functions] Runtime ready! Sending request!"}}
[debug] [2022-11-29T01:01:56.995Z] [functions] Got req.url=/final-d9541/us-central1/api/reviews/WavvLdfdP6g8aZTtbBQHTw, mapping to path=/reviews/WavvLdfdP6g8aZTtbBQHTw {"metadata":{"emulator":{"name":"functions"},"message":"[functions] Got req.url=/final-d9541/us-central1/api/reviews/WavvLdfdP6g8aZTtbBQHTw, mapping to path=/reviews/WavvLdfdP6g8aZTtbBQHTw"}}
[debug] [2022-11-29T01:01:56.995Z] [worker-pool] Cleaned up workers for us-central1-api: 1 --> 0 {"metadata":{"emulator":{"name":"functions"},"message":"[worker-pool] Cleaned up workers for us-central1-api: 1 --> 0"}}
[debug] [2022-11-29T01:01:57.005Z] [worker-pool] addWorker(us-central1-api) {"metadata":{"emulator":{"name":"functions"},"message":"[worker-pool] addWorker(us-central1-api)"}}
[debug] [2022-11-29T01:01:57.006Z] [worker-pool] Adding worker with key us-central1-api, total=1 {"metadata":{"emulator":{"name":"functions"},"message":"[worker-pool] Adding worker with key us-central1-api, total=1"}}
[debug] [2022-11-29T01:01:58.070Z] [runtime-status] [33144] Resolved module firebase-admin {"declared":true,"installed":true,"version":"10.3.0","resolution":"C:\\Users\\jacob\\Desktop\\Grand Circus\\Final\\functions\\node_modules\\firebase-admin\\lib\\index.js"} {"metadata":{"emulator":{"name":"functions"},"function":{"name":"us-central1-api"},"extension":{},"message":"[runtime-status] [33144] Resolved module firebase-admin {\"declared\":true,\"installed\":true,\"version\":\"10.3.0\",\"resolution\":\"C:\\\\Users\\\\jacob\\\\Desktop\\\\Grand Circus\\\\Final\\\\functions\\\\node_modules\\\\firebase-admin\\\\lib\\\\index.js\"}"}}
[debug] [2022-11-29T01:01:58.072Z] [runtime-status] [33144] Resolved module firebase-functions {"declared":true,"installed":true,"version":"4.1.0","resolution":"C:\\Users\\jacob\\Desktop\\Grand Circus\\Final\\functions\\node_modules\\firebase-functions\\lib\\v1\\index.js"} {"metadata":{"emulator":{"name":"functions"},"function":{"name":"us-central1-api"},"extension":{},"message":"[runtime-status] [33144] Resolved module firebase-functions {\"declared\":true,\"installed\":true,\"version\":\"4.1.0\",\"resolution\":\"C:\\\\Users\\\\jacob\\\\Desktop\\\\Grand Circus\\\\Final\\\\functions\\\\node_modules\\\\firebase-functions\\\\lib\\\\v1\\\\index.js\"}"}}
[debug] [2022-11-29T01:01:58.073Z] [runtime-status] [33144] Outgoing network have been stubbed. [{"name":"http","status":"mocked"},{"name":"http","status":"mocked"},{"name":"https","status":"mocked"},{"name":"https","status":"mocked"},{"name":"net","status":"mocked"}] {"metadata":{"emulator":{"name":"functions"},"function":{"name":"us-central1-api"},"extension":{},"message":"[runtime-status] [33144] Outgoing network have been stubbed. [{\"name\":\"http\",\"status\":\"mocked\"},{\"name\":\"http\",\"status\":\"mocked\"},{\"name\":\"https\",\"status\":\"mocked\"},{\"name\":\"https\",\"status\":\"mocked\"},{\"name\":\"net\",\"status\":\"mocked\"}]"}}
[debug] [2022-11-29T01:01:58.074Z] [runtime-status] [33144] Resolved module firebase-functions {"declared":true,"installed":true,"version":"4.1.0","resolution":"C:\\Users\\jacob\\Desktop\\Grand Circus\\Final\\functions\\node_modules\\firebase-functions\\lib\\v1\\index.js"} {"metadata":{"emulator":{"name":"functions"},"function":{"name":"us-central1-api"},"extension":{},"message":"[runtime-status] [33144] Resolved module firebase-functions {\"declared\":true,\"installed\":true,\"version\":\"4.1.0\",\"resolution\":\"C:\\\\Users\\\\jacob\\\\Desktop\\\\Grand Circus\\\\Final\\\\functions\\\\node_modules\\\\firebase-functions\\\\lib\\\\v1\\\\index.js\"}"}}
[debug] [2022-11-29T01:01:58.244Z] [runtime-status] [33144] Checked functions.config() {"config":{}} {"metadata":{"emulator":{"name":"functions"},"function":{"name":"us-central1-api"},"extension":{},"message":"[runtime-status] [33144] Checked functions.config() {\"config\":{}}"}}
[debug] [2022-11-29T01:01:58.244Z] [runtime-status] [33144] firebase-functions has been stubbed. {"functionsResolution":{"declared":true,"installed":true,"version":"4.1.0","resolution":"C:\\Users\\jacob\\Desktop\\Grand Circus\\Final\\functions\\node_modules\\firebase-functions\\lib\\v1\\index.js"}} {"metadata":{"emulator":{"name":"functions"},"function":{"name":"us-central1-api"},"extension":{},"message":"[runtime-status] [33144] firebase-functions has been stubbed. {\"functionsResolution\":{\"declared\":true,\"installed\":true,\"version\":\"4.1.0\",\"resolution\":\"C:\\\\Users\\\\jacob\\\\Desktop\\\\Grand Circus\\\\Final\\\\functions\\\\node_modules\\\\firebase-functions\\\\lib\\\\v1\\\\index.js\"}}"}}
[debug] [2022-11-29T01:01:58.245Z] [runtime-status] [33144] Resolved module firebase-functions {"declared":true,"installed":true,"version":"4.1.0","resolution":"C:\\Users\\jacob\\Desktop\\Grand Circus\\Final\\functions\\node_modules\\firebase-functions\\lib\\v1\\index.js"} {"metadata":{"emulator":{"name":"functions"},"function":{"name":"us-central1-api"},"extension":{},"message":"[runtime-status] [33144] Resolved module firebase-functions {\"declared\":true,\"installed\":true,\"version\":\"4.1.0\",\"resolution\":\"C:\\\\Users\\\\jacob\\\\Desktop\\\\Grand Circus\\\\Final\\\\functions\\\\node_modules\\\\firebase-functions\\\\lib\\\\v1\\\\index.js\"}"}}
[debug] [2022-11-29T01:01:58.246Z] [runtime-status] [33144] Resolved module firebase-admin {"declared":true,"installed":true,"version":"10.3.0","resolution":"C:\\Users\\jacob\\Desktop\\Grand Circus\\Final\\functions\\node_modules\\firebase-admin\\lib\\index.js"} {"metadata":{"emulator":{"name":"functions"},"function":{"name":"us-central1-api"},"extension":{},"message":"[runtime-status] [33144] Resolved module firebase-admin {\"declared\":true,\"installed\":true,\"version\":\"10.3.0\",\"resolution\":\"C:\\\\Users\\\\jacob\\\\Desktop\\\\Grand Circus\\\\Final\\\\functions\\\\node_modules\\\\firebase-admin\\\\lib\\\\index.js\"}"}}
[debug] [2022-11-29T01:01:58.248Z] [runtime-status] [33144] Resolved module firebase-functions {"declared":true,"installed":true,"version":"4.1.0","resolution":"C:\\Users\\jacob\\Desktop\\Grand Circus\\Final\\functions\\node_modules\\firebase-functions\\lib\\v1\\index.js"} {"metadata":{"emulator":{"name":"functions"},"function":{"name":"us-central1-api"},"extension":{},"message":"[runtime-status] [33144] Resolved module firebase-functions {\"declared\":true,\"installed\":true,\"version\":\"4.1.0\",\"resolution\":\"C:\\\\Users\\\\jacob\\\\Desktop\\\\Grand Circus\\\\Final\\\\functions\\\\node_modules\\\\firebase-functions\\\\lib\\\\v1\\\\index.js\"}"}}
[debug] [2022-11-29T01:01:58.248Z] [runtime-status] [33144] firebase-admin has been stubbed. {"adminResolution":{"declared":true,"installed":true,"version":"10.3.0","resolution":"C:\\Users\\jacob\\Desktop\\Grand Circus\\Final\\functions\\node_modules\\firebase-admin\\lib\\index.js"}} {"metadata":{"emulator":{"name":"functions"},"function":{"name":"us-central1-api"},"extension":{},"message":"[runtime-status] [33144] firebase-admin has been stubbed. {\"adminResolution\":{\"declared\":true,\"installed\":true,\"version\":\"10.3.0\",\"resolution\":\"C:\\\\Users\\\\jacob\\\\Desktop\\\\Grand Circus\\\\Final\\\\functions\\\\node_modules\\\\firebase-admin\\\\lib\\\\index.js\"}}"}}
[debug] [2022-11-29T01:01:58.340Z] [runtime-status] [33144] Functions runtime initialized. {"cwd":"C:\\Users\\jacob\\Desktop\\Grand Circus\\Final\\functions","node_version":"16.15.1"} {"metadata":{"emulator":{"name":"functions"},"function":{"name":"us-central1-api"},"extension":{},"message":"[runtime-status] [33144] Functions runtime initialized. {\"cwd\":\"C:\\\\Users\\\\jacob\\\\Desktop\\\\Grand Circus\\\\Final\\\\functions\",\"node_version\":\"16.15.1\"}"}}
[debug] [2022-11-29T01:01:58.340Z] [runtime-status] [33144] Listening to port: \\?\pipe\fire_emu_f93bbdf24c73ee6b {"metadata":{"emulator":{"name":"functions"},"function":{"name":"us-central1-api"},"extension":{},"message":"[runtime-status] [33144] Listening to port: \\\\?\\pipe\\fire_emu_f93bbdf24c73ee6b"}}
[debug] [2022-11-29T01:01:58.447Z] [worker-us-central1-api-7e665466-726a-4719-96db-80eb4e13ccb0]: IDLE {"metadata":{"emulator":{"name":"functions"},"message":"[worker-us-central1-api-7e665466-726a-4719-96db-80eb4e13ccb0]: IDLE"}}
[debug] [2022-11-29T01:01:58.447Z] [worker-pool] submitRequest(triggerId=us-central1-api) {"metadata":{"emulator":{"name":"functions"},"message":"[worker-pool] submitRequest(triggerId=us-central1-api)"}}
[debug] [2022-11-29T01:01:58.447Z] [worker-us-central1-api-7e665466-726a-4719-96db-80eb4e13ccb0]: BUSY {"metadata":{"emulator":{"name":"functions"},"message":"[worker-us-central1-api-7e665466-726a-4719-96db-80eb4e13ccb0]: BUSY"}}
[info] i  functions: Beginning execution of "api" {"metadata":{"emulator":{"name":"functions"},"function":{"name":"us-central1-api"},"extension":{},"message":"Beginning execution of \"api\""}}
[warn] !  External network resource requested!
   - URL: "https://api.yelp.com/v3/businesses/WavvLdfdP6g8aZTtbBQHTw/reviews"
 - Be careful, this may be a production service. {"metadata":{"emulator":{"name":"functions"},"function":{"name":"us-central1-api"},"extension":{},"message":"External network resource requested!\n   - URL: \"https://api.yelp.com/v3/businesses/WavvLdfdP6g8aZTtbBQHTw/reviews\"\n - Be careful, this may be a production service."}}
[debug] [2022-11-29T01:01:58.711Z] [worker-us-central1-api-7e665466-726a-4719-96db-80eb4e13ccb0]: IDLE {"metadata":{"emulator":{"name":"functions"},"message":"[worker-us-central1-api-7e665466-726a-4719-96db-80eb4e13ccb0]: IDLE"}}
[debug] [2022-11-29T01:01:58.711Z] [work-queue] {"queueLength":0,"workRunningCount":0}
[info] i  functions: Finished "api" in 261.0196ms {"metadata":{"emulator":{"name":"functions"},"function":{"name":"us-central1-api"},"extension":{},"message":"Finished \"api\" in 261.0196ms"}}
[debug] [2022-11-29T01:07:01.214Z] File C:\Users\jacob\Desktop\Grand Circus\Final\functions\src\models\YelpSearchBusiness.ts changed, reloading triggers {"metadata":{"emulator":{"name":"functions"},"message":"File C:\\Users\\jacob\\Desktop\\Grand Circus\\Final\\functions\\src\\models\\YelpSearchBusiness.ts changed, reloading triggers"}}
[debug] [2022-11-29T01:07:01.578Z] File C:\Users\jacob\Desktop\Grand Circus\Final\functions\lib\models\YelpSearchBusiness.js.map changed, reloading triggers {"metadata":{"emulator":{"name":"functions"},"message":"File C:\\Users\\jacob\\Desktop\\Grand Circus\\Final\\functions\\lib\\models\\YelpSearchBusiness.js.map changed, reloading triggers"}}
[debug] [2022-11-29T01:07:01.578Z] File C:\Users\jacob\Desktop\Grand Circus\Final\functions\lib\models\YelpSearchBusiness.js changed, reloading triggers {"metadata":{"emulator":{"name":"functions"},"message":"File C:\\Users\\jacob\\Desktop\\Grand Circus\\Final\\functions\\lib\\models\\YelpSearchBusiness.js changed, reloading triggers"}}
[debug] [2022-11-29T01:07:02.589Z] Validating nodejs source
